2025-09-18 17:25:21, MOVE, v:1, k:toalha, mode:PICK
2025-09-18 17:25:29, EXEC, v:1, k:toalha, mode:LOCK, rate:100, size:12
2025-09-18 17:25:36, EXEC, v:1, k:toalha, mode:LOCK, rate:100
2025-09-18 17:25:38, EXEC, v:1, k:toalha, mode:LOCK, rate:100
2025-09-18 17:25:39, EXEC, v:1, k:toalha, mode:LOCK, rate:100
2025-09-18 17:26:13, EXEC, v:1, k:toalha, mode:LOCK, rate:100, size:12
2025-09-18 17:26:14, EXEC, v:1, k:toalha, mode:LOCK, rate:100
2025-09-18 17:26:16, EXEC, v:1, k:toalha, mode:FREE
2025-09-18 17:27:00, EXEC, v:1, k:toalha, mode:LOCK, rate:100
2025-09-18 17:27:32, EXEC, v:1, k:toalha, mode:FREE
2025-09-18 17:27:54, EXEC, v:1, k:toalha, mode:FREE, size:13
2025-09-18 17:37:56, EXEC, v:1, k:toalha, mode:FREE, size:14
2025-09-18 17:42:02, EXEC, v:1, k:py, mode:FREE, size:14
2025-09-18 17:42:58, MOVE, v:1, k:toalha, mode:PICK
2025-09-18 17:43:02, EXEC, v:1, k:toalha, mode:FREE
2025-09-18 17:43:28, EXEC, v:1, k:toalha, mode:FREE
2025-09-18 17:44:01, EXEC, v:1, k:toalha, mode:FREE, size:14
2025-09-18 17:44:13, EXEC, v:1, k:toalha, mode:FREE
2025-09-18 17:44:16, MOVE, v:1, k:toalha, mode:BACK
2025-09-18 17:44:27, MOVE, v:1, k:toalha, mode:PICK
2025-09-18 17:44:33, MOVE, v:1, k:toalha, mode:BACK
2025-09-18 17:44:35, MOVE, v:1, k:toalha, mode:PICK
2025-09-18 17:44:56, EXEC, v:1, k:toalha, mode:LOCK, rate:100
2025-09-18 17:44:58, EXEC, v:1, k:toalha, mode:FREE
2025-09-18 17:46:05, MOVE, v:1, k:toalha, mode:BACK
2025-09-18 17:46:08, MOVE, v:1, k:toalha, mode:PICK
2025-09-18 17:46:13, EXEC, v:1, k:toalha, mode:LOCK, rate:100
2025-09-18 17:46:14, EXEC, v:1, k:toalha, mode:LOCK, rate:100
2025-09-18 17:46:15, EXEC, v:1, k:toalha, mode:LOCK, rate:100
2025-09-18 17:46:16, EXEC, v:1, k:toalha, mode:LOCK, rate:100
2025-09-18 17:46:16, MOVE, v:1, k:toalha, mode:BACK
2025-09-18 17:46:21, MOVE, v:1, k:toalha, mode:PICK
2025-09-18 17:52:02, MOVE, v:1, k:toalha, mode:PICK
2025-09-18 17:52:13, EXEC, v:1, k:toalha, mode:LOCK, rate:100
2025-09-18 17:52:14, EXEC, v:1, k:toalha, mode:FREE
2025-09-18 17:52:21, MOVE, v:1, k:toalha, mode:BACK
2025-09-18 17:54:59, EXEC, v:1, k:py, mode:FREE, size:14
2025-09-18 17:55:41, EXEC, v:1, k:py, mode:FREE
2025-09-18 17:57:43, MOVE, v:1, k:toalha, mode:PICK
2025-09-18 17:57:44, EXEC, v:1, k:toalha, mode:FREE
2025-09-18 17:58:19, MOVE, v:1, k:toalha, mode:BACK
2025-09-18 17:58:26, EXEC, v:1, k:py, mode:FREE
2025-09-18 18:34:34, MOVE, v:1, k:toalha, mode:PICK
2025-09-18 18:34:36, EXEC, v:1, k:toalha, mode:FREE, size:14
2025-09-18 18:42:13, MOVE, v:1, k:toalha, mode:BACK
