2025-10-03 00:29:52, MOVE, v:1, k:enxugar, mode:PICK
2025-10-03 00:29:55, EXEC, v:1, k:enxugar, mode:FREE, size:62
2025-10-03 00:30:02, EXEC, v:1, k:enxugar, mode:FULL, rate:0
2025-10-03 00:30:30, EXEC, v:1, k:enxugar, mode:FULL, rate:0, size:62
2025-10-03 00:30:32, EXEC, v:1, k:enxugar, mode:FULL, rate:0
2025-10-03 00:48:55, EXEC, v:1, k:enxugar, mode:FULL, rate:0, size:62
2025-10-03 00:48:56, EXEC, v:1, k:enxugar, mode:FULL, rate:0
2025-10-03 00:48:58, MOVE, v:1, k:enxugar, mode:BACK
2025-10-03 00:49:00, MOVE, v:1, k:animal, mode:PICK
2025-10-03 00:49:02, EXEC, v:1, k:animal, mode:FULL, rate:0, size:52
2025-10-03 00:49:20, EXEC, v:1, k:animal, mode:FULL, rate:0, size:52
2025-10-03 00:50:19, MOVE, v:1, k:animal, mode:BACK
2025-10-03 13:29:42, MOVE, v:1, k:animal, mode:PICK
2025-10-03 13:29:57, EXEC, v:1, k:animal, mode:FULL, rate:50, size:51
2025-10-03 13:30:27, EXEC, v:1, k:animal, mode:FULL, rate:100, size:51
2025-10-03 13:30:34, MOVE, v:1, k:animal, mode:BACK
2025-10-03 13:31:18, MOVE, v:1, k:enxugar, mode:PICK
2025-10-03 13:31:33, EXEC, v:1, k:enxugar, mode:FULL, rate:100, size:62
2025-10-03 13:32:29, MOVE, v:1, k:enxugar, mode:BACK
2025-10-03 13:32:32, MOVE, v:1, k:calculadora, mode:DOWN
2025-10-03 13:32:51, MOVE, v:1, k:calculadora, mode:PICK
2025-10-03 13:32:52, EXEC, v:1, k:calculadora, mode:FULL, rate:100, size:68
2025-10-03 13:33:25, MOVE, v:1, k:calculadora, mode:BACK
2025-10-03 13:33:27, MOVE, v:1, k:carro, mode:DOWN
2025-10-03 13:33:29, MOVE, v:1, k:carro, mode:PICK
2025-10-03 13:33:38, EXEC, v:1, k:carro, mode:FULL, rate:100, size:79
2025-10-03 13:33:52, MOVE, v:1, k:carro, mode:BACK
